Using pre-set license
Built from '2020.3/staging' branch; Version is '2020.3.0f1 (c7b5465681fb) revision 13088070'; Using compiler version '192528614'; Build Type 'Release'
OS: 'Windows 10 Home; OS build 19042.928; Version 2009; 64bit' Language: 'en' Physical Memory: 16309 MB
BatchMode: 1, IsHumanControllingUs: 0, StartBugReporterOnCrash: 0, Is64bit: 1, IsPro: 0

 COMMAND LINE ARGUMENTS:
C:\Program Files\Unity\Hub\Editor\2020.3.0f1\Editor\Unity.exe
-adb2
-batchMode
-noUpm
-name
AssetImportWorker0
-projectPath
C:/Users/conta/Documents/School/MultiplayerShooterGameEngines/Project
-logFile
Logs/AssetImportWorker0.log
-srvPort
50268
Successfully changed project path to: C:/Users/conta/Documents/School/MultiplayerShooterGameEngines/Project
C:/Users/conta/Documents/School/MultiplayerShooterGameEngines/Project
Using Asset Import Pipeline V2.
Refreshing native plugins compatible for Editor in 45.28 ms, found 0 plugins.
Preloading 0 native plugins for Editor in 0.00 ms.
Initialize engine version: 2020.3.0f1 (c7b5465681fb)
[Subsystems] Discovering subsystems at path C:/Program Files/Unity/Hub/Editor/2020.3.0f1/Editor/Data/Resources/UnitySubsystems
[Subsystems] Discovering subsystems at path C:/Users/conta/Documents/School/MultiplayerShooterGameEngines/Project/Assets
GfxDevice: creating device client; threaded=0
Direct3D:
    Version:  Direct3D 11.0 [level 11.1]
    Renderer: AMD Radeon RX 5700 XT (ID=0x731f)
    Vendor:   
    VRAM:     8151 MB
    Driver:   27.20.15003.5017
Shader 'Universal Render Pipeline/Particles/Lit': fallback shader 'Universal Render Pipeline/Particles/SimpleLit' not found
Initialize mono
Mono path[0] = 'C:/Program Files/Unity/Hub/Editor/2020.3.0f1/Editor/Data/Managed'
Mono path[1] = 'C:/Program Files/Unity/Hub/Editor/2020.3.0f1/Editor/Data/MonoBleedingEdge/lib/mono/unityjit'
Mono config path = 'C:/Program Files/Unity/Hub/Editor/2020.3.0f1/Editor/Data/MonoBleedingEdge/etc'
Using monoOptions --debugger-agent=transport=dt_socket,embedding=1,server=y,suspend=n,address=127.0.0.1:56864
Begin MonoManager ReloadAssembly
Registering precompiled unity dll's ...
Register platform support module: C:/Program Files/Unity/Hub/Editor/2020.3.0f1/Editor/Data/PlaybackEngines/WindowsStandaloneSupport/UnityEditor.WindowsStandalone.Extensions.dll
Registered in 0.001048 seconds.
Native extension for WindowsStandalone target not found
Refreshing native plugins compatible for Editor in 39.22 ms, found 0 plugins.
Preloading 0 native plugins for Editor in 0.00 ms.
Invoked RoslynAnalysisRunner static constructor.
RoslynAnalysisRunner will not be running.
RoslynAnalysisRunner has terminated.
Mono: successfully reloaded assembly
- Completed reload, in  2.307 seconds
Platform modules already initialized, skipping
Registering precompiled user dll's ...
Registered in 0.002830 seconds.
Begin MonoManager ReloadAssembly
Native extension for WindowsStandalone target not found
Refreshing native plugins compatible for Editor in 34.45 ms, found 0 plugins.
Preloading 0 native plugins for Editor in 0.00 ms.
Invoked RoslynAnalysisRunner static constructor.
RoslynAnalysisRunner will not be running.
RoslynAnalysisRunner has terminated.
Find all reader and writers took 55 milliseconds
Script Module: UnityEngine.UI.dll
Weave behaviours and messages took46 milliseconds
Find all reader and writers took 42 milliseconds
Script Module: Unity.RenderPipelines.Core.Runtime.dll
Weave behaviours and messages took32 milliseconds
Find all reader and writers took 46 milliseconds
Script Module: UnityEngine.TestRunner.dll
Weave behaviours and messages took12 milliseconds
Find all reader and writers took 42 milliseconds
Script Module: Unity.Mathematics.dll
Weave behaviours and messages took101 milliseconds
Find all reader and writers took 36 milliseconds
Script Module: SimpleWebTransport.dll
Weave behaviours and messages took5 milliseconds
Find all reader and writers took 41 milliseconds
Script Module: Unity.Timeline.dll
Weave behaviours and messages took15 milliseconds
Find all reader and writers took 44 milliseconds
Script Module: Mirror.Examples.dll
[Projectile] NetworkBehaviourProcessor
[Tank] NetworkBehaviourProcessor
[NetworkRoomPlayer] NetworkBehaviourProcessor
[NetworkRoomPlayerExt] NetworkBehaviourProcessor
[PlayerController] NetworkBehaviourProcessor
[PlayerScore] NetworkBehaviourProcessor
[RandomColor] NetworkBehaviourProcessor
[Reward] NetworkBehaviourProcessor
[AddForce] NetworkBehaviourProcessor
[Ball] NetworkBehaviourProcessor
[Player] NetworkBehaviourProcessor
[MatchController] NetworkBehaviourProcessor
[PhysicsCollision] NetworkBehaviourProcessor
[PlayerController] NetworkBehaviourProcessor
[PlayerScore] NetworkBehaviourProcessor
[RandomColor] NetworkBehaviourProcessor
[Reward] NetworkBehaviourProcessor
[Player] NetworkBehaviourProcessor
[MonsterMovement] NetworkBehaviourProcessor
[PlayerMovement] NetworkBehaviourProcessor
[Player] NetworkBehaviourProcessor
[PlayerController] NetworkBehaviourProcessor
[RandomColor] NetworkBehaviourProcessor
[ShootingTankBehaviour] NetworkBehaviourProcessor
Weave behaviours and messages took13 milliseconds
  ProcessSitesModule Mirror.Examples.dll elapsed time:00:00:00.0060054
Find all reader and writers took 53 milliseconds
Script Module: Unity.RenderPipelines.Universal.Runtime.dll
Weave behaviours and messages took30 milliseconds
Find all reader and writers took 45 milliseconds
Script Module: ShapesRuntime.dll
Weave behaviours and messages took27 milliseconds
Find all reader and writers took 42 milliseconds
Script Module: Mirror.Components.dll
[NetworkAnimator] NetworkBehaviourProcessor
[NetworkRoomPlayer] NetworkBehaviourProcessor
[NetworkLobbyPlayer] NetworkBehaviourProcessor
[NetworkVisibility] NetworkBehaviourProcessor
[NetworkVisibility] Found NetworkBehaviour Mirror.NetworkVisibility
[NetworkVisibility] Process Start
[NetworkVisibility]   GenerateSerialization
[NetworkVisibility]   GenerateDeSerialization
[NetworkVisibility] Process Done
[NetworkMatchChecker] NetworkBehaviourProcessor
[NetworkVisibility] NetworkBehaviourProcessor
[NetworkProximityChecker] NetworkBehaviourProcessor
[NetworkRoomPlayer] NetworkBehaviourProcessor
[NetworkVisibility] NetworkBehaviourProcessor
[NetworkSceneChecker] NetworkBehaviourProcessor
[NetworkTransformBase] NetworkBehaviourProcessor
[NetworkTransform] NetworkBehaviourProcessor
[NetworkTransformBase] NetworkBehaviourProcessor
[NetworkTransformBase] NetworkBehaviourProcessor
[NetworkTransformChild] NetworkBehaviourProcessor
[NetworkLerpRigidbody] NetworkBehaviourProcessor
[NetworkRigidbody] NetworkBehaviourProcessor
[NetworkRigidbody2D] NetworkBehaviourProcessor
[NetworkTransformBase] NetworkBehaviourProcessor
[NetworkTransform] NetworkBehaviourProcessor
[NetworkTransformBase] NetworkBehaviourProcessor
[NetworkTransformBase] NetworkBehaviourProcessor
[NetworkTransformChild] NetworkBehaviourProcessor
Weave behaviours and messages took19 milliseconds
  ProcessSitesModule Mirror.Components.dll elapsed time:00:00:00.0010008
Find all reader and writers took 56 milliseconds
Script Module: Unity.TextMeshPro.dll
Weave behaviours and messages took45 milliseconds
Find all reader and writers took 36 milliseconds
Script Module: Telepathy.dll
Weave behaviours and messages took1 milliseconds
Find all reader and writers took 42 milliseconds
Script Module: Mirror.Authenticators.dll
Weave behaviours and messages took4 milliseconds
  ProcessSitesModule Mirror.Authenticators.dll elapsed time:00:00:00
Find all reader and writers took 40 milliseconds
Script Module: Mirror.Examples.Cloud.GUI.dll
Weave behaviours and messages took2 milliseconds
Find all reader and writers took 52 milliseconds
Script Module: Mirror.Cloud.dll
Weave behaviours and messages took2 milliseconds
Find all reader and writers took 43 milliseconds
Script Module: Assembly-CSharp.dll
[FlexNetworkTransformBase] NetworkBehaviourProcessor
[FlexNetworkTransformBase] NetworkBehaviourProcessor
[FlexNetworkTransform] NetworkBehaviourProcessor
[FlexNetworkTransformBase] NetworkBehaviourProcessor
[FlexNetworkTransformChild] NetworkBehaviourProcessor
[AuthMotor] NetworkBehaviourProcessor
[AutoMotor] NetworkBehaviourProcessor
[AutoMotorManager] NetworkBehaviourProcessor
[ClientDataRejector] NetworkBehaviourProcessor
[Motor] NetworkBehaviourProcessor
[MotorPickupObject] NetworkBehaviourProcessor
[PickableObjectClientAuth] NetworkBehaviourProcessor
[PickableObjectServerAuth] NetworkBehaviourProcessor
[MotorBasic] NetworkBehaviourProcessor
Weave behaviours and messages took7 milliseconds
  ProcessSitesModule Assembly-CSharp.dll elapsed time:00:00:00
Find all reader and writers took 38 milliseconds
Script Module: kcp2k.dll
Weave behaviours and messages took1 milliseconds
Find all reader and writers took 44 milliseconds
Script Module: Mirror.Examples.Cloud.Pong.dll
[Ball] NetworkBehaviourProcessor
[BallManager] NetworkBehaviourProcessor
[Player] NetworkBehaviourProcessor
Weave behaviours and messages took2 milliseconds
  ProcessSitesModule Mirror.Examples.Cloud.Pong.dll elapsed time:00:00:00
Find all reader and writers took 40 milliseconds
Script Module: Assembly-CSharp-firstpass.dll
Weave behaviours and messages took3 milliseconds
Find all reader and writers took 36 milliseconds
Script Module: Unity.RenderPipelines.Core.ShaderLibrary.dll
Weave behaviours and messages took0 milliseconds
Find all reader and writers took 43 milliseconds
Script Module: Unity.RenderPipelines.Universal.Shaders.dll
Weave behaviours and messages took0 milliseconds
Find all reader and writers took 38 milliseconds
Script Module: Unity.RenderPipelines.ShaderGraph.ShaderGraphLibrary.dll
Weave behaviours and messages took0 milliseconds
Find all reader and writers took 42 milliseconds
Script Module: Unity.RenderPipeline.Universal.ShaderLibrary.dll
Weave behaviours and messages took0 milliseconds
Find all reader and writers took 54 milliseconds
Script Module: UnityEditor.TestRunner.dll
Weave behaviours and messages took21 milliseconds
Find all reader and writers took 54 milliseconds
Script Module: UnityEditor.UI.dll
Weave behaviours and messages took7 milliseconds
Find all reader and writers took 41 milliseconds
Script Module: Unity.ShaderGraph.Utilities.dll
Weave behaviours and messages took0 milliseconds
Find all reader and writers took 51 milliseconds
Script Module: ShapesEditor.dll
Weave behaviours and messages took10 milliseconds
Find all reader and writers took 38 milliseconds
Script Module: Mirror.CompilerSymbols.dll
Weave behaviours and messages took0 milliseconds
Find all reader and writers took 39 milliseconds
Script Module: Febucci.HierarchyIcons.dll
Weave behaviours and messages took1 milliseconds
Mono: successfully reloaded assembly
- Completed reload, in  4.723 seconds
Platform modules already initialized, skipping
========================================================================
Worker process is ready to serve import requests
Shader 'Universal Render Pipeline/Particles/Lit': fallback shader 'Universal Render Pipeline/Particles/SimpleLit' not found
Launched and connected shader compiler UnityShaderCompiler.exe after 0.05 seconds
Refreshing native plugins compatible for Editor in 0.57 ms, found 0 plugins.
Preloading 0 native plugins for Editor in 0.00 ms.
Unloading 2848 Unused Serialized files (Serialized files now loaded: 0)
System memory in use before: 134.4 MB.
System memory in use after: 134.6 MB.

Unloading 22 unused Assets to reduce memory usage. Loaded Objects now: 3285.
Total: 3.431300 ms (FindLiveObjects: 0.261600 ms CreateObjectMapping: 0.096700 ms MarkObjects: 2.789400 ms  DeleteObjects: 0.282800 ms)

========================================================================
Received Import Request.
  path: Assets/Mirror/Examples/Benchmark/Scripts/PlayerMovement.cs
  artifactKey: Guid(c482338c8cc6d4a3cba81934c0151972) Importer(815301076,1909f56bfc062723c751e8b465ee728b)
Start importing Assets/Mirror/Examples/Benchmark/Scripts/PlayerMovement.cs using Guid(c482338c8cc6d4a3cba81934c0151972) Importer(815301076,1909f56bfc062723c751e8b465ee728b)  -> (artifact id: '2147c3452e3110f61886fff136830fb0') in 0.024705 seconds
  Import took 0.029164 seconds .

========================================================================
Received Prepare
Registering precompiled user dll's ...
Registered in 0.002596 seconds.
Begin MonoManager ReloadAssembly
Native extension for WindowsStandalone target not found
Refreshing native plugins compatible for Editor in 0.60 ms, found 0 plugins.
Preloading 0 native plugins for Editor in 0.00 ms.
Invoked RoslynAnalysisRunner static constructor.
RoslynAnalysisRunner will not be running.
RoslynAnalysisRunner has terminated.
Mono: successfully reloaded assembly
- Completed reload, in  0.606 seconds
Platform modules already initialized, skipping
Shader 'Universal Render Pipeline/Particles/Lit': fallback shader 'Universal Render Pipeline/Particles/SimpleLit' not found
Refreshing native plugins compatible for Editor in 0.59 ms, found 0 plugins.
Preloading 0 native plugins for Editor in 0.00 ms.
Unloading 2686 Unused Serialized files (Serialized files now loaded: 0)
System memory in use before: 125.0 MB.
System memory in use after: 125.2 MB.

Unloading 17 unused Assets to reduce memory usage. Loaded Objects now: 3288.
Total: 2.065000 ms (FindLiveObjects: 0.253500 ms CreateObjectMapping: 0.065700 ms MarkObjects: 1.726800 ms  DeleteObjects: 0.017900 ms)

========================================================================
Received Import Request.
  Time since last request: 20.744145 seconds.
  path: Assets/Prefab/player_controller.prefab
  artifactKey: Guid(6e17b219645bccc44be47ee6e4c2a039) Importer(815301076,1909f56bfc062723c751e8b465ee728b)
Start importing Assets/Prefab/player_controller.prefab using Guid(6e17b219645bccc44be47ee6e4c2a039) Importer(815301076,1909f56bfc062723c751e8b465ee728b)  -> (artifact id: '83bd93f1817d1cafa75e1ae3eec26660') in 0.180129 seconds
  Import took 0.184986 seconds .

========================================================================
Received Import Request.
  Time since last request: 5.671534 seconds.
  path: Assets/Prefab/player_controller.prefab
  artifactKey: Guid(6e17b219645bccc44be47ee6e4c2a039) Importer(815301076,1909f56bfc062723c751e8b465ee728b)
Start importing Assets/Prefab/player_controller.prefab using Guid(6e17b219645bccc44be47ee6e4c2a039) Importer(815301076,1909f56bfc062723c751e8b465ee728b)  -> (artifact id: '39f0e3b828f020aab01c32b25337ea32') in 0.008682 seconds
  Import took 0.012735 seconds .

========================================================================
Received Import Request.
  Time since last request: 21.696987 seconds.
  path: Assets/Prefab/player_controller.prefab
  artifactKey: Guid(6e17b219645bccc44be47ee6e4c2a039) Importer(815301076,1909f56bfc062723c751e8b465ee728b)
Start importing Assets/Prefab/player_controller.prefab using Guid(6e17b219645bccc44be47ee6e4c2a039) Importer(815301076,1909f56bfc062723c751e8b465ee728b)  -> (artifact id: '70460b9aace49d1516e2a7735afaa726') in 0.008995 seconds
  Import took 0.013000 seconds .

========================================================================
Received Import Request.
  Time since last request: 15.242336 seconds.
  path: Assets/Prefab/player_controller.prefab
  artifactKey: Guid(6e17b219645bccc44be47ee6e4c2a039) Importer(815301076,1909f56bfc062723c751e8b465ee728b)
Start importing Assets/Prefab/player_controller.prefab using Guid(6e17b219645bccc44be47ee6e4c2a039) Importer(815301076,1909f56bfc062723c751e8b465ee728b)  -> (artifact id: 'aa38aafee20764bb7613886269786b43') in 0.008996 seconds
  Import took 0.013251 seconds .

========================================================================
Received Import Request.
  Time since last request: 14.671055 seconds.
  path: Assets/Prefab/player_controller.prefab
  artifactKey: Guid(6e17b219645bccc44be47ee6e4c2a039) Importer(815301076,1909f56bfc062723c751e8b465ee728b)
Start importing Assets/Prefab/player_controller.prefab using Guid(6e17b219645bccc44be47ee6e4c2a039) Importer(815301076,1909f56bfc062723c751e8b465ee728b)  -> (artifact id: 'd48c5d1f107f37c2f48ecc028595a56a') in 0.008367 seconds
  Import took 0.012585 seconds .

========================================================================
Received Prepare
Registering precompiled user dll's ...
Registered in 0.002342 seconds.
Begin MonoManager ReloadAssembly
Native extension for WindowsStandalone target not found
Refreshing native plugins compatible for Editor in 0.57 ms, found 0 plugins.
Preloading 0 native plugins for Editor in 0.00 ms.
Invoked RoslynAnalysisRunner static constructor.
RoslynAnalysisRunner will not be running.
RoslynAnalysisRunner has terminated.
Mono: successfully reloaded assembly
- Completed reload, in  0.663 seconds
Platform modules already initialized, skipping
Shader 'Universal Render Pipeline/Particles/Lit': fallback shader 'Universal Render Pipeline/Particles/SimpleLit' not found
Refreshing native plugins compatible for Editor in 0.55 ms, found 0 plugins.
Preloading 0 native plugins for Editor in 0.00 ms.
Unloading 2686 Unused Serialized files (Serialized files now loaded: 0)
System memory in use before: 130.2 MB.
System memory in use after: 130.4 MB.

Unloading 17 unused Assets to reduce memory usage. Loaded Objects now: 3336.
Total: 2.092500 ms (FindLiveObjects: 0.291200 ms CreateObjectMapping: 0.072300 ms MarkObjects: 1.709700 ms  DeleteObjects: 0.018100 ms)

========================================================================
Received Prepare
Registering precompiled user dll's ...
Registered in 0.002832 seconds.
Begin MonoManager ReloadAssembly
Native extension for WindowsStandalone target not found
Refreshing native plugins compatible for Editor in 0.58 ms, found 0 plugins.
Preloading 0 native plugins for Editor in 0.00 ms.
Invoked RoslynAnalysisRunner static constructor.
RoslynAnalysisRunner will not be running.
RoslynAnalysisRunner has terminated.
Mono: successfully reloaded assembly
- Completed reload, in  0.629 seconds
Platform modules already initialized, skipping
Shader 'Universal Render Pipeline/Particles/Lit': fallback shader 'Universal Render Pipeline/Particles/SimpleLit' not found
Refreshing native plugins compatible for Editor in 0.59 ms, found 0 plugins.
Preloading 0 native plugins for Editor in 0.00 ms.
Unloading 2686 Unused Serialized files (Serialized files now loaded: 0)
System memory in use before: 130.2 MB.
System memory in use after: 130.4 MB.

Unloading 17 unused Assets to reduce memory usage. Loaded Objects now: 3339.
Total: 2.057200 ms (FindLiveObjects: 0.233400 ms CreateObjectMapping: 0.066400 ms MarkObjects: 1.741000 ms  DeleteObjects: 0.015400 ms)

========================================================================
Received Import Request.
  Time since last request: 360.556760 seconds.
  path: Assets/Prefab/player_controller.prefab
  artifactKey: Guid(6e17b219645bccc44be47ee6e4c2a039) Importer(815301076,1909f56bfc062723c751e8b465ee728b)
Start importing Assets/Prefab/player_controller.prefab using Guid(6e17b219645bccc44be47ee6e4c2a039) Importer(815301076,1909f56bfc062723c751e8b465ee728b)  -> (artifact id: '1234347c826102ac1b3ff0c9f0ff3076') in 0.123265 seconds
  Import took 0.127683 seconds .

========================================================================
Received Import Request.
  Time since last request: 3050.741454 seconds.
  path: Assets/Scripts/normal_gun.cs
  artifactKey: Guid(676380f9b7eb9d647926d01d11656a66) Importer(815301076,1909f56bfc062723c751e8b465ee728b)
Start importing Assets/Scripts/normal_gun.cs using Guid(676380f9b7eb9d647926d01d11656a66) Importer(815301076,1909f56bfc062723c751e8b465ee728b)  -> (artifact id: '8c1cb757332799b2b72c7b99fbb6c398') in 0.008476 seconds
  Import took 0.073084 seconds .

========================================================================
Received Import Request.
  Time since last request: 230.001597 seconds.
  path: Assets/Scripts/normal_gun.cs
  artifactKey: Guid(676380f9b7eb9d647926d01d11656a66) Importer(815301076,1909f56bfc062723c751e8b465ee728b)
Start importing Assets/Scripts/normal_gun.cs using Guid(676380f9b7eb9d647926d01d11656a66) Importer(815301076,1909f56bfc062723c751e8b465ee728b)  -> (artifact id: '338a8a7c560998f6d20fa3ae316c5007') in 0.002000 seconds
  Import took 0.006404 seconds .

AssetImportWorkerClient::OnTransportError - code=2 error=End of file
